# JRE version: OpenJDK Runtime Environment (17.0.6) (build 17.0.6+0-b2043.56-10027231)
# Java VM: OpenJDK 64-Bit Server VM (17.0.6+0-b2043.56-10027231, mixed mode, tiered, compressed oops, compressed class ptrs, g1 gc, windows-amd64)
GC Precious Log:
 CPUs: 4 total, 4 available
 Memory: 6817M
 Large Page Support: Disabled
 NUMA Support: Disabled
 Compressed Oops: Enabled (Zero based)
 Heap Region Size: 2M
 Heap Min Capacity: 8M
 Heap Initial Capacity: 108M
 Heap Max Capacity: 4G
 Pre-touch: Disabled
 Parallel Workers: 4
 Concurrent Workers: 1
 Concurrent Refinement Workers: 4
 Periodic GC: Disabled
Heap:
 garbage-first heap   total 835584K, used 461312K [0x0000000700000000, 0x0000000800000000)
  region size 2048K, 12 young (24576K), 12 survivors (24576K)
 Metaspace       used 123604K, committed 124672K, reserved 1163264K
  class space    used 16987K, committed 17472K, reserved 1048576K
GC Heap History (20 events):
Event: 46.447 GC heap after
{Heap after GC invocations=55 (full 0):
 garbage-first heap   total 292864K, used 224865K [0x0000000700000000, 0x0000000800000000)
  region size 2048K, 3 young (6144K), 3 survivors (6144K)
 Metaspace       used 109167K, committed 110208K, reserved 1146880K
  class space    used 14846K, committed 15296K, reserved 1048576K
}
Event: 46.801 GC heap before
{Heap before GC invocations=55 (full 0):
 garbage-first heap   total 292864K, used 251489K [0x0000000700000000, 0x0000000800000000)
  region size 2048K, 18 young (36864K), 3 survivors (6144K)
 Metaspace       used 109291K, committed 110272K, reserved 1146880K
  class space    used 14854K, committed 15296K, reserved 1048576K
}
Event: 46.817 GC heap after
{Heap after GC invocations=56 (full 0):
 garbage-first heap   total 292864K, used 228141K [0x0000000700000000, 0x0000000800000000)
  region size 2048K, 2 young (4096K), 2 survivors (4096K)
 Metaspace       used 109291K, committed 110272K, reserved 1146880K
  class space    used 14854K, committed 15296K, reserved 1048576K
}
Event: 47.070 GC heap before
{Heap before GC invocations=56 (full 0):
 garbage-first heap   total 292864K, used 254765K [0x0000000700000000, 0x0000000800000000)
  region size 2048K, 15 young (30720K), 2 survivors (4096K)
 Metaspace       used 109362K, committed 110336K, reserved 1146880K
  class space    used 14860K, committed 15296K, reserved 1048576K
}
Event: 47.077 GC heap after
{Heap after GC invocations=57 (full 0):
 garbage-first heap   total 292864K, used 230687K [0x0000000700000000, 0x0000000800000000)
  region size 2048K, 2 young (4096K), 2 survivors (4096K)
 Metaspace       used 109362K, committed 110336K, reserved 1146880K
  class space    used 14860K, committed 15296K, reserved 1048576K
}
Event: 47.799 GC heap before
{Heap before GC invocations=58 (full 0):
 garbage-first heap   total 417792K, used 251167K [0x0000000700000000, 0x0000000800000000)
  region size 2048K, 13 young (26624K), 2 survivors (4096K)
 Metaspace       used 109393K, committed 110336K, reserved 1146880K
  class space    used 14859K, committed 15296K, reserved 1048576K
}
Event: 47.806 GC heap after
{Heap after GC invocations=59 (full 0):
 garbage-first heap   total 417792K, used 233211K [0x0000000700000000, 0x0000000800000000)
  region size 2048K, 2 young (4096K), 2 survivors (4096K)
 Metaspace       used 109393K, committed 110336K, reserved 1146880K
  class space    used 14859K, committed 15296K, reserved 1048576K
}
Event: 48.041 GC heap before
{Heap before GC invocations=59 (full 0):
 garbage-first heap   total 417792K, used 253691K [0x0000000700000000, 0x0000000800000000)
  region size 2048K, 11 young (22528K), 2 survivors (4096K)
 Metaspace       used 109700K, committed 110720K, reserved 1146880K
  class space    used 14892K, committed 15360K, reserved 1048576K
}
Event: 48.050 GC heap after
{Heap after GC invocations=60 (full 0):
 garbage-first heap   total 417792K, used 242656K [0x0000000700000000, 0x0000000800000000)
  region size 2048K, 2 young (4096K), 2 survivors (4096K)
 Metaspace       used 109700K, committed 110720K, reserved 1146880K
  class space    used 14892K, committed 15360K, reserved 1048576K
}
Event: 49.305 GC heap before
{Heap before GC invocations=60 (full 0):
 garbage-first heap   total 417792K, used 371680K [0x0000000700000000, 0x0000000800000000)
  region size 2048K, 55 young (112640K), 2 survivors (4096K)
 Metaspace       used 113337K, committed 114304K, reserved 1155072K
  class space    used 15431K, committed 15872K, reserved 1048576K
}
Event: 49.327 GC heap after
{Heap after GC invocations=61 (full 0):
 garbage-first heap   total 835584K, used 278975K [0x0000000700000000, 0x0000000800000000)
  region size 2048K, 7 young (14336K), 7 survivors (14336K)
 Metaspace       used 113337K, committed 114304K, reserved 1155072K
  class space    used 15431K, committed 15872K, reserved 1048576K
}
Event: 51.674 GC heap before
{Heap before GC invocations=61 (full 0):
 garbage-first heap   total 835584K, used 553407K [0x0000000700000000, 0x0000000800000000)
  region size 2048K, 129 young (264192K), 7 survivors (14336K)
 Metaspace       used 116342K, committed 117376K, reserved 1155072K
  class space    used 15973K, committed 16448K, reserved 1048576K
}
Event: 51.866 GC heap after
{Heap after GC invocations=62 (full 0):
 garbage-first heap   total 835584K, used 376394K [0x0000000700000000, 0x0000000800000000)
  region size 2048K, 17 young (34816K), 17 survivors (34816K)
 Metaspace       used 116342K, committed 117376K, reserved 1155072K
  class space    used 15973K, committed 16448K, reserved 1048576K
}
Event: 53.853 GC heap before
{Heap before GC invocations=62 (full 0):
 garbage-first heap   total 835584K, used 552522K [0x0000000700000000, 0x0000000800000000)
  region size 2048K, 101 young (206848K), 17 survivors (34816K)
 Metaspace       used 119210K, committed 120256K, reserved 1155072K
  class space    used 16330K, committed 16768K, reserved 1048576K
}
Event: 54.079 GC heap after
{Heap after GC invocations=63 (full 0):
 garbage-first heap   total 835584K, used 414720K [0x0000000700000000, 0x0000000800000000)
  region size 2048K, 13 young (26624K), 13 survivors (26624K)
 Metaspace       used 119210K, committed 120256K, reserved 1155072K
  class space    used 16330K, committed 16768K, reserved 1048576K
}
Event: 54.411 GC heap before
{Heap before GC invocations=63 (full 0):
 garbage-first heap   total 835584K, used 488448K [0x0000000700000000, 0x0000000800000000)
  region size 2048K, 49 young (100352K), 13 survivors (26624K)
 Metaspace       used 119224K, committed 120256K, reserved 1155072K
  class space    used 16330K, committed 16768K, reserved 1048576K
}
Event: 54.483 GC heap after
{Heap after GC invocations=64 (full 0):
 garbage-first heap   total 835584K, used 428032K [0x0000000700000000, 0x0000000800000000)
  region size 2048K, 6 young (12288K), 6 survivors (12288K)
 Metaspace       used 119224K, committed 120256K, reserved 1155072K
  class space    used 16330K, committed 16768K, reserved 1048576K
}
Event: 55.922 GC heap before
{Heap before GC invocations=64 (full 0):
 garbage-first heap   total 835584K, used 559104K [0x0000000700000000, 0x0000000800000000)
  region size 2048K, 70 young (143360K), 6 survivors (12288K)
 Metaspace       used 122797K, committed 123776K, reserved 1155072K
  class space    used 16883K, committed 17344K, reserved 1048576K
}
Event: 55.968 GC heap after
{Heap after GC invocations=65 (full 0):
 garbage-first heap   total 835584K, used 440293K [0x0000000700000000, 0x0000000800000000)
  region size 2048K, 6 young (12288K), 6 survivors (12288K)
 Metaspace       used 122797K, committed 123776K, reserved 1155072K
  class space    used 16883K, committed 17344K, reserved 1048576K
}
Event: 58.104 GC heap before
{Heap before GC invocations=65 (full 0):
 garbage-first heap   total 835584K, used 626661K [0x0000000700000000, 0x0000000800000000)
  region size 2048K, 96 young (196608K), 6 survivors (12288K)
 Metaspace       used 123604K, committed 124672K, reserved 1163264K
  class space    used 16987K, committed 17472K, reserved 1048576K
}

