# JRE version: OpenJDK Runtime Environment (17.0.6) (build 17.0.6+0-b2043.56-10027231)
# Java VM: OpenJDK 64-Bit Server VM (17.0.6+0-b2043.56-10027231, mixed mode, tiered, compressed oops, compressed class ptrs, g1 gc, windows-amd64)
GC Precious Log:
 CPUs: 4 total, 4 available
 Memory: 6817M
 Large Page Support: Disabled
 NUMA Support: Disabled
 Compressed Oops: Enabled (Zero based)
 Heap Region Size: 2M
 Heap Min Capacity: 8M
 Heap Initial Capacity: 108M
 Heap Max Capacity: 4G
 Pre-touch: Disabled
 Parallel Workers: 4
 Concurrent Workers: 1
 Concurrent Refinement Workers: 4
 Periodic GC: Disabled
Heap:
 garbage-first heap   total 407552K, used 278528K [0x0000000700000000, 0x0000000800000000)
  region size 2048K, 5 young (10240K), 5 survivors (10240K)
 Metaspace       used 116063K, committed 117120K, reserved 1155072K
  class space    used 15925K, committed 16384K, reserved 1048576K
GC Heap History (20 events):
Event: 35.082 GC heap after
{Heap after GC invocations=39 (full 0):
 garbage-first heap   total 225280K, used 132648K [0x0000000700000000, 0x0000000800000000)
  region size 2048K, 4 young (8192K), 4 survivors (8192K)
 Metaspace       used 107485K, committed 108480K, reserved 1146880K
  class space    used 14595K, committed 15040K, reserved 1048576K
}
Event: 36.021 GC heap before
{Heap before GC invocations=39 (full 0):
 garbage-first heap   total 225280K, used 183848K [0x0000000700000000, 0x0000000800000000)
  region size 2048K, 30 young (61440K), 4 survivors (8192K)
 Metaspace       used 109089K, committed 110144K, reserved 1146880K
  class space    used 14806K, committed 15296K, reserved 1048576K
}
Event: 36.038 GC heap after
{Heap after GC invocations=40 (full 0):
 garbage-first heap   total 270336K, used 137689K [0x0000000700000000, 0x0000000800000000)
  region size 2048K, 3 young (6144K), 3 survivors (6144K)
 Metaspace       used 109089K, committed 110144K, reserved 1146880K
  class space    used 14806K, committed 15296K, reserved 1048576K
}
Event: 37.001 GC heap before
{Heap before GC invocations=40 (full 0):
 garbage-first heap   total 270336K, used 227801K [0x0000000700000000, 0x0000000800000000)
  region size 2048K, 41 young (83968K), 3 survivors (6144K)
 Metaspace       used 109634K, committed 110656K, reserved 1146880K
  class space    used 14859K, committed 15360K, reserved 1048576K
}
Event: 37.019 GC heap after
{Heap after GC invocations=41 (full 0):
 garbage-first heap   total 270336K, used 165220K [0x0000000700000000, 0x0000000800000000)
  region size 2048K, 6 young (12288K), 6 survivors (12288K)
 Metaspace       used 109634K, committed 110656K, reserved 1146880K
  class space    used 14859K, committed 15360K, reserved 1048576K
}
Event: 37.505 GC heap before
{Heap before GC invocations=41 (full 0):
 garbage-first heap   total 270336K, used 220516K [0x0000000700000000, 0x0000000800000000)
  region size 2048K, 32 young (65536K), 6 survivors (12288K)
 Metaspace       used 111311K, committed 112320K, reserved 1146880K
  class space    used 15093K, committed 15552K, reserved 1048576K
}
Event: 37.527 GC heap after
{Heap after GC invocations=42 (full 0):
 garbage-first heap   total 270336K, used 176901K [0x0000000700000000, 0x0000000800000000)
  region size 2048K, 4 young (8192K), 4 survivors (8192K)
 Metaspace       used 111311K, committed 112320K, reserved 1146880K
  class space    used 15093K, committed 15552K, reserved 1048576K
}
Event: 37.854 GC heap before
{Heap before GC invocations=42 (full 0):
 garbage-first heap   total 270336K, used 232197K [0x0000000700000000, 0x0000000800000000)
  region size 2048K, 26 young (53248K), 4 survivors (8192K)
 Metaspace       used 112880K, committed 113920K, reserved 1146880K
  class space    used 15331K, committed 15808K, reserved 1048576K
}
Event: 37.868 GC heap after
{Heap after GC invocations=43 (full 0):
 garbage-first heap   total 270336K, used 191347K [0x0000000700000000, 0x0000000800000000)
  region size 2048K, 4 young (8192K), 4 survivors (8192K)
 Metaspace       used 112880K, committed 113920K, reserved 1146880K
  class space    used 15331K, committed 15808K, reserved 1048576K
}
Event: 37.876 GC heap before
{Heap before GC invocations=43 (full 0):
 garbage-first heap   total 270336K, used 207731K [0x0000000700000000, 0x0000000800000000)
  region size 2048K, 8 young (16384K), 4 survivors (8192K)
 Metaspace       used 112895K, committed 113920K, reserved 1146880K
  class space    used 15334K, committed 15808K, reserved 1048576K
}
Event: 37.884 GC heap after
{Heap after GC invocations=44 (full 0):
 garbage-first heap   total 344064K, used 201823K [0x0000000700000000, 0x0000000800000000)
  region size 2048K, 2 young (4096K), 2 survivors (4096K)
 Metaspace       used 112895K, committed 113920K, reserved 1146880K
  class space    used 15334K, committed 15808K, reserved 1048576K
}
Event: 38.392 GC heap before
{Heap before GC invocations=44 (full 0):
 garbage-first heap   total 344064K, used 277599K [0x0000000700000000, 0x0000000800000000)
  region size 2048K, 36 young (73728K), 2 survivors (4096K)
 Metaspace       used 113574K, committed 114560K, reserved 1155072K
  class space    used 15428K, committed 15872K, reserved 1048576K
}
Event: 38.412 GC heap after
{Heap after GC invocations=45 (full 0):
 garbage-first heap   total 344064K, used 216510K [0x0000000700000000, 0x0000000800000000)
  region size 2048K, 5 young (10240K), 5 survivors (10240K)
 Metaspace       used 113574K, committed 114560K, reserved 1155072K
  class space    used 15428K, committed 15872K, reserved 1048576K
}
Event: 38.594 GC heap before
{Heap before GC invocations=45 (full 0):
 garbage-first heap   total 344064K, used 228798K [0x0000000700000000, 0x0000000800000000)
  region size 2048K, 12 young (24576K), 5 survivors (10240K)
 Metaspace       used 113581K, committed 114560K, reserved 1155072K
  class space    used 15429K, committed 15872K, reserved 1048576K
}
Event: 38.618 GC heap after
{Heap after GC invocations=46 (full 0):
 garbage-first heap   total 344064K, used 221278K [0x0000000700000000, 0x0000000800000000)
  region size 2048K, 3 young (6144K), 3 survivors (6144K)
 Metaspace       used 113581K, committed 114560K, reserved 1155072K
  class space    used 15429K, committed 15872K, reserved 1048576K
}
Event: 39.783 GC heap before
{Heap before GC invocations=47 (full 0):
 garbage-first heap   total 407552K, used 272478K [0x0000000700000000, 0x0000000800000000)
  region size 2048K, 27 young (55296K), 3 survivors (6144K)
 Metaspace       used 115954K, committed 116992K, reserved 1155072K
  class space    used 15925K, committed 16384K, reserved 1048576K
}
Event: 39.830 GC heap after
{Heap after GC invocations=48 (full 0):
 garbage-first heap   total 407552K, used 240619K [0x0000000700000000, 0x0000000800000000)
  region size 2048K, 4 young (8192K), 4 survivors (8192K)
 Metaspace       used 115954K, committed 116992K, reserved 1155072K
  class space    used 15925K, committed 16384K, reserved 1048576K
}
Event: 39.969 GC heap before
{Heap before GC invocations=48 (full 0):
 garbage-first heap   total 407552K, used 250859K [0x0000000700000000, 0x0000000800000000)
  region size 2048K, 9 young (18432K), 4 survivors (8192K)
 Metaspace       used 115992K, committed 117056K, reserved 1155072K
  class space    used 15925K, committed 16384K, reserved 1048576K
}
Event: 39.998 GC heap after
{Heap after GC invocations=49 (full 0):
 garbage-first heap   total 407552K, used 244267K [0x0000000700000000, 0x0000000800000000)
  region size 2048K, 2 young (4096K), 2 survivors (4096K)
 Metaspace       used 115992K, committed 117056K, reserved 1155072K
  class space    used 15925K, committed 16384K, reserved 1048576K
}
Event: 40.841 GC heap before
{Heap before GC invocations=49 (full 0):
 garbage-first heap   total 407552K, used 315947K [0x0000000700000000, 0x0000000800000000)
  region size 2048K, 37 young (75776K), 2 survivors (4096K)
 Metaspace       used 116063K, committed 117120K, reserved 1155072K
  class space    used 15925K, committed 16384K, reserved 1048576K
}

