# JRE version: OpenJDK Runtime Environment (17.0.6) (build 17.0.6+0-b2043.56-10027231)
# Java VM: OpenJDK 64-Bit Server VM (17.0.6+0-b2043.56-10027231, mixed mode, tiered, compressed oops, compressed class ptrs, g1 gc, windows-amd64)
GC Precious Log:
 CPUs: 4 total, 4 available
 Memory: 6817M
 Large Page Support: Disabled
 NUMA Support: Disabled
 Compressed Oops: Enabled (Zero based)
 Heap Region Size: 2M
 Heap Min Capacity: 8M
 Heap Initial Capacity: 108M
 Heap Max Capacity: 4G
 Pre-touch: Disabled
 Parallel Workers: 4
 Concurrent Workers: 1
 Concurrent Refinement Workers: 4
 Periodic GC: Disabled
Heap:
 garbage-first heap   total 595968K, used 341184K [0x0000000700000000, 0x0000000800000000)
  region size 2048K, 7 young (14336K), 7 survivors (14336K)
 Metaspace       used 153224K, committed 154432K, reserved 1187840K
  class space    used 20042K, committed 20608K, reserved 1048576K
GC Heap History (20 events):
Event: 65.223 GC heap after
{Heap after GC invocations=57 (full 0):
 garbage-first heap   total 546816K, used 130113K [0x0000000700000000, 0x0000000800000000)
  region size 2048K, 1 young (2048K), 1 survivors (2048K)
 Metaspace       used 115291K, committed 116288K, reserved 1155072K
  class space    used 15288K, committed 15744K, reserved 1048576K
}
Event: 69.874 GC heap before
{Heap before GC invocations=57 (full 0):
 garbage-first heap   total 546816K, used 517185K [0x0000000700000000, 0x0000000800000000)
  region size 2048K, 134 young (274432K), 1 survivors (2048K)
 Metaspace       used 122667K, committed 123712K, reserved 1163264K
  class space    used 16241K, committed 16704K, reserved 1048576K
}
Event: 69.886 GC heap after
{Heap after GC invocations=58 (full 0):
 garbage-first heap   total 546816K, used 135801K [0x0000000700000000, 0x0000000800000000)
  region size 2048K, 4 young (8192K), 4 survivors (8192K)
 Metaspace       used 122667K, committed 123712K, reserved 1163264K
  class space    used 16241K, committed 16704K, reserved 1048576K
}
Event: 80.179 GC heap before
{Heap before GC invocations=58 (full 0):
 garbage-first heap   total 546816K, used 449145K [0x0000000700000000, 0x0000000800000000)
  region size 2048K, 155 young (317440K), 4 survivors (8192K)
 Metaspace       used 141519K, committed 142592K, reserved 1179648K
  class space    used 18660K, committed 19200K, reserved 1048576K
}
Event: 80.217 GC heap after
{Heap after GC invocations=59 (full 0):
 garbage-first heap   total 546816K, used 153570K [0x0000000700000000, 0x0000000800000000)
  region size 2048K, 11 young (22528K), 11 survivors (22528K)
 Metaspace       used 141519K, committed 142592K, reserved 1179648K
  class space    used 18660K, committed 19200K, reserved 1048576K
}
Event: 88.849 GC heap before
{Heap before GC invocations=59 (full 0):
 garbage-first heap   total 546816K, used 450530K [0x0000000700000000, 0x0000000800000000)
  region size 2048K, 155 young (317440K), 11 survivors (22528K)
 Metaspace       used 146849K, committed 148032K, reserved 1179648K
  class space    used 19222K, committed 19776K, reserved 1048576K
}
Event: 88.896 GC heap after
{Heap after GC invocations=60 (full 0):
 garbage-first heap   total 546816K, used 168084K [0x0000000700000000, 0x0000000800000000)
  region size 2048K, 17 young (34816K), 17 survivors (34816K)
 Metaspace       used 146849K, committed 148032K, reserved 1179648K
  class space    used 19222K, committed 19776K, reserved 1048576K
}
Event: 246.464 GC heap before
{Heap before GC invocations=60 (full 0):
 garbage-first heap   total 546816K, used 450708K [0x0000000700000000, 0x0000000800000000)
  region size 2048K, 151 young (309248K), 17 survivors (34816K)
 Metaspace       used 150503K, committed 151744K, reserved 1187840K
  class space    used 19674K, committed 20288K, reserved 1048576K
}
Event: 246.499 GC heap after
{Heap after GC invocations=61 (full 0):
 garbage-first heap   total 546816K, used 159079K [0x0000000700000000, 0x0000000800000000)
  region size 2048K, 7 young (14336K), 7 survivors (14336K)
 Metaspace       used 150503K, committed 151744K, reserved 1187840K
  class space    used 19674K, committed 20288K, reserved 1048576K
}
Event: 251.374 GC heap before
{Heap before GC invocations=61 (full 0):
 garbage-first heap   total 546816K, used 456039K [0x0000000700000000, 0x0000000800000000)
  region size 2048K, 131 young (268288K), 7 survivors (14336K)
 Metaspace       used 152324K, committed 153536K, reserved 1187840K
  class space    used 19905K, committed 20480K, reserved 1048576K
}
Event: 251.416 GC heap after
{Heap after GC invocations=62 (full 0):
 garbage-first heap   total 546816K, used 214375K [0x0000000700000000, 0x0000000800000000)
  region size 2048K, 19 young (38912K), 19 survivors (38912K)
 Metaspace       used 152324K, committed 153536K, reserved 1187840K
  class space    used 19905K, committed 20480K, reserved 1048576K
}
Event: 255.714 GC heap before
{Heap before GC invocations=62 (full 0):
 garbage-first heap   total 546816K, used 443751K [0x0000000700000000, 0x0000000800000000)
  region size 2048K, 128 young (262144K), 19 survivors (38912K)
 Metaspace       used 153138K, committed 154368K, reserved 1187840K
  class space    used 20035K, committed 20608K, reserved 1048576K
}
Event: 255.911 GC heap after
{Heap after GC invocations=63 (full 0):
 garbage-first heap   total 571392K, used 299374K [0x0000000700000000, 0x0000000800000000)
  region size 2048K, 16 young (32768K), 16 survivors (32768K)
 Metaspace       used 153138K, committed 154368K, reserved 1187840K
  class space    used 20035K, committed 20608K, reserved 1048576K
}
Event: 256.223 GC heap before
{Heap before GC invocations=63 (full 0):
 garbage-first heap   total 571392K, used 311662K [0x0000000700000000, 0x0000000800000000)
  region size 2048K, 22 young (45056K), 16 survivors (32768K)
 Metaspace       used 153138K, committed 154368K, reserved 1187840K
  class space    used 20035K, committed 20608K, reserved 1048576K
}
Event: 256.317 GC heap after
{Heap after GC invocations=64 (full 0):
 garbage-first heap   total 571392K, used 308994K [0x0000000700000000, 0x0000000800000000)
  region size 2048K, 3 young (6144K), 3 survivors (6144K)
 Metaspace       used 153138K, committed 154368K, reserved 1187840K
  class space    used 20035K, committed 20608K, reserved 1048576K
}
Event: 258.537 GC heap before
{Heap before GC invocations=65 (full 0):
 garbage-first heap   total 571392K, used 419586K [0x0000000700000000, 0x0000000800000000)
  region size 2048K, 55 young (112640K), 3 survivors (6144K)
 Metaspace       used 153216K, committed 154432K, reserved 1187840K
  class space    used 20042K, committed 20608K, reserved 1048576K
}
Event: 258.573 GC heap after
{Heap after GC invocations=66 (full 0):
 garbage-first heap   total 571392K, used 325378K [0x0000000700000000, 0x0000000800000000)
  region size 2048K, 7 young (14336K), 7 survivors (14336K)
 Metaspace       used 153216K, committed 154432K, reserved 1187840K
  class space    used 20042K, committed 20608K, reserved 1048576K
}
Event: 258.647 GC heap before
{Heap before GC invocations=66 (full 0):
 garbage-first heap   total 571392K, used 337666K [0x0000000700000000, 0x0000000800000000)
  region size 2048K, 13 young (26624K), 7 survivors (14336K)
 Metaspace       used 153221K, committed 154432K, reserved 1187840K
  class space    used 20042K, committed 20608K, reserved 1048576K
}
Event: 258.685 GC heap after
{Heap after GC invocations=67 (full 0):
 garbage-first heap   total 571392K, used 327958K [0x0000000700000000, 0x0000000800000000)
  region size 2048K, 2 young (4096K), 2 survivors (4096K)
 Metaspace       used 153221K, committed 154432K, reserved 1187840K
  class space    used 20042K, committed 20608K, reserved 1048576K
}
Event: 260.401 GC heap before
{Heap before GC invocations=67 (full 0):
 garbage-first heap   total 571392K, used 430358K [0x0000000700000000, 0x0000000800000000)
  region size 2048K, 52 young (106496K), 2 survivors (4096K)
 Metaspace       used 153224K, committed 154432K, reserved 1187840K
  class space    used 20042K, committed 20608K, reserved 1048576K
}

