# JRE version: OpenJDK Runtime Environment (17.0.6) (build 17.0.6+0-b2043.56-10027231)
# Java VM: OpenJDK 64-Bit Server VM (17.0.6+0-b2043.56-10027231, mixed mode, tiered, compressed oops, compressed class ptrs, g1 gc, windows-amd64)
GC Precious Log:
 CPUs: 4 total, 4 available
 Memory: 6817M
 Large Page Support: Disabled
 NUMA Support: Disabled
 Compressed Oops: Enabled (Zero based)
 Heap Region Size: 2M
 Heap Min Capacity: 8M
 Heap Initial Capacity: 108M
 Heap Max Capacity: 4G
 Pre-touch: Disabled
 Parallel Workers: 4
 Concurrent Workers: 1
 Concurrent Refinement Workers: 4
 Periodic GC: Disabled
Heap:
 garbage-first heap   total 397312K, used 234751K [0x0000000700000000, 0x0000000800000000)
  region size 2048K, 2 young (4096K), 2 survivors (4096K)
 Metaspace       used 118781K, committed 119872K, reserved 1155072K
  class space    used 16327K, committed 16768K, reserved 1048576K
GC Heap History (20 events):
Event: 38.099 GC heap after
{Heap after GC invocations=48 (full 0):
 garbage-first heap   total 227328K, used 136297K [0x0000000700000000, 0x0000000800000000)
  region size 2048K, 3 young (6144K), 3 survivors (6144K)
 Metaspace       used 109886K, committed 110912K, reserved 1146880K
  class space    used 14906K, committed 15360K, reserved 1048576K
}
Event: 94.616 GC heap before
{Heap before GC invocations=48 (full 0):
 garbage-first heap   total 227328K, used 185449K [0x0000000700000000, 0x0000000800000000)
  region size 2048K, 28 young (57344K), 3 survivors (6144K)
 Metaspace       used 111144K, committed 112256K, reserved 1146880K
  class space    used 15107K, committed 15616K, reserved 1048576K
}
Event: 94.627 GC heap after
{Heap after GC invocations=49 (full 0):
 garbage-first heap   total 227328K, used 138845K [0x0000000700000000, 0x0000000800000000)
  region size 2048K, 2 young (4096K), 2 survivors (4096K)
 Metaspace       used 111144K, committed 112256K, reserved 1146880K
  class space    used 15107K, committed 15616K, reserved 1048576K
}
Event: 95.308 GC heap before
{Heap before GC invocations=49 (full 0):
 garbage-first heap   total 227328K, used 185949K [0x0000000700000000, 0x0000000800000000)
  region size 2048K, 26 young (53248K), 2 survivors (4096K)
 Metaspace       used 112156K, committed 113280K, reserved 1155072K
  class space    used 15236K, committed 15744K, reserved 1048576K
}
Event: 95.319 GC heap after
{Heap after GC invocations=50 (full 0):
 garbage-first heap   total 227328K, used 142455K [0x0000000700000000, 0x0000000800000000)
  region size 2048K, 4 young (8192K), 4 survivors (8192K)
 Metaspace       used 112156K, committed 113280K, reserved 1155072K
  class space    used 15236K, committed 15744K, reserved 1048576K
}
Event: 95.637 GC heap before
{Heap before GC invocations=50 (full 0):
 garbage-first heap   total 227328K, used 187511K [0x0000000700000000, 0x0000000800000000)
  region size 2048K, 26 young (53248K), 4 survivors (8192K)
 Metaspace       used 112189K, committed 113344K, reserved 1155072K
  class space    used 15236K, committed 15744K, reserved 1048576K
}
Event: 95.653 GC heap after
{Heap after GC invocations=51 (full 0):
 garbage-first heap   total 227328K, used 149248K [0x0000000700000000, 0x0000000800000000)
  region size 2048K, 4 young (8192K), 4 survivors (8192K)
 Metaspace       used 112189K, committed 113344K, reserved 1155072K
  class space    used 15236K, committed 15744K, reserved 1048576K
}
Event: 96.586 GC heap before
{Heap before GC invocations=51 (full 0):
 garbage-first heap   total 227328K, used 186112K [0x0000000700000000, 0x0000000800000000)
  region size 2048K, 23 young (47104K), 4 survivors (8192K)
 Metaspace       used 112584K, committed 113728K, reserved 1155072K
  class space    used 15300K, committed 15808K, reserved 1048576K
}
Event: 96.603 GC heap after
{Heap after GC invocations=52 (full 0):
 garbage-first heap   total 274432K, used 153378K [0x0000000700000000, 0x0000000800000000)
  region size 2048K, 3 young (6144K), 3 survivors (6144K)
 Metaspace       used 112584K, committed 113728K, reserved 1155072K
  class space    used 15300K, committed 15808K, reserved 1048576K
}
Event: 97.646 GC heap before
{Heap before GC invocations=52 (full 0):
 garbage-first heap   total 274432K, used 220962K [0x0000000700000000, 0x0000000800000000)
  region size 2048K, 30 young (61440K), 3 survivors (6144K)
 Metaspace       used 113849K, committed 114880K, reserved 1155072K
  class space    used 15470K, committed 15936K, reserved 1048576K
}
Event: 97.656 GC heap after
{Heap after GC invocations=53 (full 0):
 garbage-first heap   total 274432K, used 180224K [0x0000000700000000, 0x0000000800000000)
  region size 2048K, 5 young (10240K), 5 survivors (10240K)
 Metaspace       used 113849K, committed 114880K, reserved 1155072K
  class space    used 15470K, committed 15936K, reserved 1048576K
}
Event: 98.710 GC heap before
{Heap before GC invocations=54 (full 0):
 garbage-first heap   total 307200K, used 256000K [0x0000000700000000, 0x0000000800000000)
  region size 2048K, 26 young (53248K), 5 survivors (10240K)
 Metaspace       used 116437K, committed 117504K, reserved 1155072K
  class space    used 15864K, committed 16320K, reserved 1048576K
}
Event: 98.732 GC heap after
{Heap after GC invocations=55 (full 0):
 garbage-first heap   total 307200K, used 207468K [0x0000000700000000, 0x0000000800000000)
  region size 2048K, 4 young (8192K), 4 survivors (8192K)
 Metaspace       used 116437K, committed 117504K, reserved 1155072K
  class space    used 15864K, committed 16320K, reserved 1048576K
}
Event: 98.793 GC heap before
{Heap before GC invocations=55 (full 0):
 garbage-first heap   total 307200K, used 213612K [0x0000000700000000, 0x0000000800000000)
  region size 2048K, 7 young (14336K), 4 survivors (8192K)
 Metaspace       used 116437K, committed 117504K, reserved 1155072K
  class space    used 15864K, committed 16320K, reserved 1048576K
}
Event: 98.809 GC heap after
{Heap after GC invocations=56 (full 0):
 garbage-first heap   total 307200K, used 207327K [0x0000000700000000, 0x0000000800000000)
  region size 2048K, 1 young (2048K), 1 survivors (2048K)
 Metaspace       used 116437K, committed 117504K, reserved 1155072K
  class space    used 15864K, committed 16320K, reserved 1048576K
}
Event: 100.187 GC heap before
{Heap before GC invocations=56 (full 0):
 garbage-first heap   total 307200K, used 248287K [0x0000000700000000, 0x0000000800000000)
  region size 2048K, 21 young (43008K), 1 survivors (2048K)
 Metaspace       used 116453K, committed 117568K, reserved 1155072K
  class space    used 15865K, committed 16320K, reserved 1048576K
}
Event: 100.226 GC heap after
{Heap after GC invocations=57 (full 0):
 garbage-first heap   total 307200K, used 223748K [0x0000000700000000, 0x0000000800000000)
  region size 2048K, 3 young (6144K), 3 survivors (6144K)
 Metaspace       used 116453K, committed 117568K, reserved 1155072K
  class space    used 15865K, committed 16320K, reserved 1048576K
}
Event: 102.233 GC heap before
{Heap before GC invocations=58 (full 0):
 garbage-first heap   total 397312K, used 246276K [0x0000000700000000, 0x0000000800000000)
  region size 2048K, 13 young (26624K), 3 survivors (6144K)
 Metaspace       used 118005K, committed 119104K, reserved 1155072K
  class space    used 16248K, committed 16704K, reserved 1048576K
}
Event: 102.275 GC heap after
{Heap after GC invocations=59 (full 0):
 garbage-first heap   total 397312K, used 233376K [0x0000000700000000, 0x0000000800000000)
  region size 2048K, 2 young (4096K), 2 survivors (4096K)
 Metaspace       used 118005K, committed 119104K, reserved 1155072K
  class space    used 16248K, committed 16704K, reserved 1048576K
}
Event: 103.399 GC heap before
{Heap before GC invocations=59 (full 0):
 garbage-first heap   total 397312K, used 247712K [0x0000000700000000, 0x0000000800000000)
  region size 2048K, 9 young (18432K), 2 survivors (4096K)
 Metaspace       used 118781K, committed 119872K, reserved 1155072K
  class space    used 16327K, committed 16768K, reserved 1048576K
}

