# JRE version: OpenJDK Runtime Environment (17.0.6) (build 17.0.6+0-b2043.56-10027231)
# Java VM: OpenJDK 64-Bit Server VM (17.0.6+0-b2043.56-10027231, mixed mode, tiered, compressed oops, compressed class ptrs, g1 gc, windows-amd64)
GC Precious Log:
 CPUs: 4 total, 4 available
 Memory: 6817M
 Large Page Support: Disabled
 NUMA Support: Disabled
 Compressed Oops: Enabled (Zero based)
 Heap Region Size: 2M
 Heap Min Capacity: 8M
 Heap Initial Capacity: 108M
 Heap Max Capacity: 4G
 Pre-touch: Disabled
 Parallel Workers: 4
 Concurrent Workers: 1
 Concurrent Refinement Workers: 4
 Periodic GC: Disabled
Heap:
 garbage-first heap   total 120832K, used 84297K [0x0000000700000000, 0x0000000800000000)
  region size 2048K, 1 young (2048K), 1 survivors (2048K)
 Metaspace       used 89955K, committed 90688K, reserved 1130496K
  class space    used 12307K, committed 12608K, reserved 1048576K
GC Heap History (20 events):
Event: 37.408 GC heap after
{Heap after GC invocations=41 (full 0):
 garbage-first heap   total 120832K, used 64098K [0x0000000700000000, 0x0000000800000000)
  region size 2048K, 2 young (4096K), 2 survivors (4096K)
 Metaspace       used 77138K, committed 77760K, reserved 1122304K
  class space    used 10363K, committed 10688K, reserved 1048576K
}
Event: 38.834 GC heap before
{Heap before GC invocations=41 (full 0):
 garbage-first heap   total 120832K, used 90722K [0x0000000700000000, 0x0000000800000000)
  region size 2048K, 16 young (32768K), 2 survivors (4096K)
 Metaspace       used 79684K, committed 80256K, reserved 1122304K
  class space    used 10691K, committed 10944K, reserved 1048576K
}
Event: 38.839 GC heap after
{Heap after GC invocations=42 (full 0):
 garbage-first heap   total 120832K, used 65282K [0x0000000700000000, 0x0000000800000000)
  region size 2048K, 2 young (4096K), 2 survivors (4096K)
 Metaspace       used 79684K, committed 80256K, reserved 1122304K
  class space    used 10691K, committed 10944K, reserved 1048576K
}
Event: 39.994 GC heap before
{Heap before GC invocations=42 (full 0):
 garbage-first heap   total 120832K, used 96002K [0x0000000700000000, 0x0000000800000000)
  region size 2048K, 17 young (34816K), 2 survivors (4096K)
 Metaspace       used 80692K, committed 81344K, reserved 1122304K
  class space    used 10840K, committed 11136K, reserved 1048576K
}
Event: 40.003 GC heap after
{Heap after GC invocations=43 (full 0):
 garbage-first heap   total 120832K, used 68342K [0x0000000700000000, 0x0000000800000000)
  region size 2048K, 3 young (6144K), 3 survivors (6144K)
 Metaspace       used 80692K, committed 81344K, reserved 1122304K
  class space    used 10840K, committed 11136K, reserved 1048576K
}
Event: 40.594 GC heap before
{Heap before GC invocations=43 (full 0):
 garbage-first heap   total 120832K, used 97014K [0x0000000700000000, 0x0000000800000000)
  region size 2048K, 17 young (34816K), 3 survivors (6144K)
 Metaspace       used 80939K, committed 81600K, reserved 1122304K
  class space    used 10883K, committed 11200K, reserved 1048576K
}
Event: 40.603 GC heap after
{Heap after GC invocations=44 (full 0):
 garbage-first heap   total 120832K, used 69494K [0x0000000700000000, 0x0000000800000000)
  region size 2048K, 1 young (2048K), 1 survivors (2048K)
 Metaspace       used 80939K, committed 81600K, reserved 1122304K
  class space    used 10883K, committed 11200K, reserved 1048576K
}
Event: 41.484 GC heap before
{Heap before GC invocations=44 (full 0):
 garbage-first heap   total 120832K, used 98166K [0x0000000700000000, 0x0000000800000000)
  region size 2048K, 15 young (30720K), 1 survivors (2048K)
 Metaspace       used 81141K, committed 81792K, reserved 1122304K
  class space    used 10914K, committed 11200K, reserved 1048576K
}
Event: 41.489 GC heap after
{Heap after GC invocations=45 (full 0):
 garbage-first heap   total 120832K, used 71109K [0x0000000700000000, 0x0000000800000000)
  region size 2048K, 2 young (4096K), 2 survivors (4096K)
 Metaspace       used 81141K, committed 81792K, reserved 1122304K
  class space    used 10914K, committed 11200K, reserved 1048576K
}
Event: 42.913 GC heap before
{Heap before GC invocations=45 (full 0):
 garbage-first heap   total 120832K, used 97733K [0x0000000700000000, 0x0000000800000000)
  region size 2048K, 15 young (30720K), 2 survivors (4096K)
 Metaspace       used 82930K, committed 83648K, reserved 1122304K
  class space    used 11149K, committed 11456K, reserved 1048576K
}
Event: 42.921 GC heap after
{Heap after GC invocations=46 (full 0):
 garbage-first heap   total 120832K, used 73594K [0x0000000700000000, 0x0000000800000000)
  region size 2048K, 2 young (4096K), 2 survivors (4096K)
 Metaspace       used 82930K, committed 83648K, reserved 1122304K
  class space    used 11149K, committed 11456K, reserved 1048576K
}
Event: 44.096 GC heap before
{Heap before GC invocations=46 (full 0):
 garbage-first heap   total 120832K, used 100218K [0x0000000700000000, 0x0000000800000000)
  region size 2048K, 15 young (30720K), 2 survivors (4096K)
 Metaspace       used 85688K, committed 86400K, reserved 1130496K
  class space    used 11700K, committed 12032K, reserved 1048576K
}
Event: 44.105 GC heap after
{Heap after GC invocations=47 (full 0):
 garbage-first heap   total 120832K, used 75311K [0x0000000700000000, 0x0000000800000000)
  region size 2048K, 1 young (2048K), 1 survivors (2048K)
 Metaspace       used 85688K, committed 86400K, reserved 1130496K
  class space    used 11700K, committed 12032K, reserved 1048576K
}
Event: 44.780 GC heap before
{Heap before GC invocations=47 (full 0):
 garbage-first heap   total 120832K, used 99887K [0x0000000700000000, 0x0000000800000000)
  region size 2048K, 13 young (26624K), 1 survivors (2048K)
 Metaspace       used 88013K, committed 88704K, reserved 1130496K
  class space    used 12036K, committed 12352K, reserved 1048576K
}
Event: 44.786 GC heap after
{Heap after GC invocations=48 (full 0):
 garbage-first heap   total 120832K, used 76747K [0x0000000700000000, 0x0000000800000000)
  region size 2048K, 2 young (4096K), 2 survivors (4096K)
 Metaspace       used 88013K, committed 88704K, reserved 1130496K
  class space    used 12036K, committed 12352K, reserved 1048576K
}
Event: 45.337 GC heap before
{Heap before GC invocations=48 (full 0):
 garbage-first heap   total 120832K, used 101323K [0x0000000700000000, 0x0000000800000000)
  region size 2048K, 14 young (28672K), 2 survivors (4096K)
 Metaspace       used 88608K, committed 89280K, reserved 1130496K
  class space    used 12123K, committed 12416K, reserved 1048576K
}
Event: 45.346 GC heap after
{Heap after GC invocations=49 (full 0):
 garbage-first heap   total 120832K, used 79755K [0x0000000700000000, 0x0000000800000000)
  region size 2048K, 2 young (4096K), 2 survivors (4096K)
 Metaspace       used 88608K, committed 89280K, reserved 1130496K
  class space    used 12123K, committed 12416K, reserved 1048576K
}
Event: 45.791 GC heap before
{Heap before GC invocations=49 (full 0):
 garbage-first heap   total 120832K, used 98187K [0x0000000700000000, 0x0000000800000000)
  region size 2048K, 12 young (24576K), 2 survivors (4096K)
 Metaspace       used 89051K, committed 89792K, reserved 1130496K
  class space    used 12194K, committed 12544K, reserved 1048576K
}
Event: 45.801 GC heap after
{Heap after GC invocations=50 (full 0):
 garbage-first heap   total 120832K, used 82607K [0x0000000700000000, 0x0000000800000000)
  region size 2048K, 2 young (4096K), 2 survivors (4096K)
 Metaspace       used 89051K, committed 89792K, reserved 1130496K
  class space    used 12194K, committed 12544K, reserved 1048576K
}
Event: 46.443 GC heap before
{Heap before GC invocations=50 (full 0):
 garbage-first heap   total 120832K, used 98991K [0x0000000700000000, 0x0000000800000000)
  region size 2048K, 10 young (20480K), 2 survivors (4096K)
 Metaspace       used 89955K, committed 90688K, reserved 1130496K
  class space    used 12307K, committed 12608K, reserved 1048576K
}

